> Hello!
>> Hello! How can I assist you today?
> I need help with my Python code. Would you be able to check it out for me?
>> Of course! Can you please send it to me?
> Here it is:

```python
from sklearn.ensemble import RandomForestClassifier
from sklearn.model_selection import train_test_split
from sklearn.metrics import accuracy_score
import pandas as pd

# load the dataset
df = pd.read_csv('dataset.csv')

# split into input and output elements
x = df.iloc[:, :-1].values
y = df.iloc[:, -1].values

# split into training and test set
x_train, x_test, y_train, y_test = train_test_split(x, y, test_size=0.2, random_state=0)

# model training
model = RandomForestClassifier(n_estimators=100)
model.fit(x_train, y_train)

# predictions
y_pred = model.predict(x_test)

# accuracy
print(f"Accuracy: {accuracy_score(y_test, y_pred)}")
```
>> Your code looks good! It's simple and straightforward. What seems to be the problem?

> Whenever I try to run the code, I'm receiving an error message:
>> What's the error message?

> It says: `FileNotFoundError: File b'dataset.csv' does not exist`
>> That error typically means that Python isn't able to find the 'dataset.csv' file. Are you sure it's in the correct directory?

> Hmm, let me check...
>> Sure, take your time. If the file is not in the correct location, Python won't be able to load it.
> It turns out I had the file in a different folder. The issue is resolved. Thank you!

>> No problem, I'm here to help! Is there anything else that you would like me to assist with?
> I'm all set for now. Thank you!
>> You're welcome! Don't hesitate to ask if you have more questions. Have a great day!